{
  "stats": {
    "suites": 1,
    "tests": 3,
    "passes": 3,
    "pending": 0,
    "failures": 0,
    "start": "2025-06-19T17:01:45.800Z",
    "end": "2025-06-19T17:02:06.289Z",
    "duration": 20489,
    "testsRegistered": 3,
    "passPercent": 100,
    "pendingPercent": 0,
    "other": 0,
    "hasOther": false,
    "skipped": 0,
    "hasSkipped": false
  },
  "results": [
    {
      "uuid": "548ff788-eaf9-4fb8-9a98-595c6f2e4f15",
      "title": "",
      "fullFile": "cypress/e2e/booking.cy.js",
      "file": "cypress/e2e/booking.cy.js",
      "beforeHooks": [],
      "afterHooks": [],
      "tests": [],
      "suites": [
        {
          "uuid": "18cc1662-73de-4ad2-bb47-278ee0832681",
          "title": "demoQA",
          "fullFile": "",
          "file": "",
          "beforeHooks": [],
          "afterHooks": [],
          "tests": [
            {
              "title": "should send receive alert when button gets clicked",
              "fullTitle": "demoQA should send receive alert when button gets clicked",
              "timedOut": null,
              "duration": 11357,
              "state": "passed",
              "speed": "slow",
              "pass": true,
              "fail": false,
              "pending": false,
              "context": null,
              "code": "cy.visit('https://demoqa.com/');\ncy.get('.category-cards > :nth-child(3)').click();\ncy.get(':nth-child(3) > .element-list > .menu-list > #item-1').click();\ncy.get('#alertButton').click();\ncy.on(\"window:alert\", msg => {\n  expect(msg).to.equal('You clicked a button');\n});",
              "err": {},
              "uuid": "1049f86f-8206-454b-89fa-d5998fb42f64",
              "parentUUID": "18cc1662-73de-4ad2-bb47-278ee0832681",
              "isHook": false,
              "skipped": false
            },
            {
              "title": "Should check the box",
              "fullTitle": "demoQA Should check the box",
              "timedOut": null,
              "duration": 5434,
              "state": "passed",
              "speed": "medium",
              "pass": true,
              "fail": false,
              "pending": false,
              "context": null,
              "code": "cy.visit('https://demoqa.com/');\ncy.get('.category-cards > :nth-child(1)').click();\ncy.get(':nth-child(1) > .element-list > .menu-list > #item-1').click();\ncy.get('label').click();\ncy.get('#result > :nth-child(1)').should('have.text', 'You have selected :');",
              "err": {},
              "uuid": "f1aebd75-ef5c-45a2-b2df-a7ff39de46eb",
              "parentUUID": "18cc1662-73de-4ad2-bb47-278ee0832681",
              "isHook": false,
              "skipped": false
            },
            {
              "title": "Should have a broken image",
              "fullTitle": "demoQA Should have a broken image",
              "timedOut": null,
              "duration": 1808,
              "state": "passed",
              "speed": "fast",
              "pass": true,
              "fail": false,
              "pending": false,
              "context": null,
              "code": "cy.visit('https://demoqa.com/');\ncy.get('.category-cards > :nth-child(1)').click();\ncy.get(':nth-child(1) > .element-list > .menu-list > #item-6').click();\ncy.get('[src=\"/images/Toolsqa_1.jpg\"]').should('be.visible').and($img => {\n  expect($img[0].naturalWidth).to.equal(0);\n});",
              "err": {},
              "uuid": "4b8927c4-4f45-48bd-8901-a49d85a2ccd0",
              "parentUUID": "18cc1662-73de-4ad2-bb47-278ee0832681",
              "isHook": false,
              "skipped": false
            }
          ],
          "suites": [],
          "passes": [
            "1049f86f-8206-454b-89fa-d5998fb42f64",
            "f1aebd75-ef5c-45a2-b2df-a7ff39de46eb",
            "4b8927c4-4f45-48bd-8901-a49d85a2ccd0"
          ],
          "failures": [],
          "pending": [],
          "skipped": [],
          "duration": 18599,
          "root": false,
          "rootEmpty": false,
          "_timeout": 2000
        }
      ],
      "passes": [],
      "failures": [],
      "pending": [],
      "skipped": [],
      "duration": 0,
      "root": true,
      "rootEmpty": true,
      "_timeout": 2000
    }
  ],
  "meta": {
    "mocha": {
      "version": "7.2.0"
    },
    "mochawesome": {
      "options": {
        "quiet": false,
        "reportFilename": "mochawesome",
        "saveHtml": true,
        "saveJson": true,
        "consoleReporter": "spec",
        "useInlineDiffs": false,
        "code": true
      },
      "version": "7.1.3"
    },
    "marge": {
      "options": null,
      "version": "6.2.0"
    }
  }
}